[01:51:05.514] [INFO] Storybook Upgrade - v9.0.14
[01:51:05.599] [INFO] detect-projects-spinner-start: Detecting projects...
[01:51:05.603] [DEBUG] Finding Storybook projects...
[01:51:05.805] [DEBUG] Found 1 Storybook projects
[01:51:05.806] [INFO] detect-projects-spinner: Detecting projects: 1 projects
[01:51:05.807] [DEBUG] Getting Storybook data...
[01:51:05.807] [DEBUG] Getting Storybook info...
[01:51:05.809] [DEBUG] Loading main config...
[01:51:05.817] [DEBUG] Error: Unable to find or evaluate null: SB_CORE-SERVER_0006 (MainFileMissingError): No configuration files have been found in your configDir: C:/Users/fuchi/OneDrive/ドキュメント/開発/五行バランス表20250629/.storybook.
Storybook needs a "main.js" file, please add it.

You can pass a --config-dir flag to tell Storybook, where your main.js file is located at.

More info: https://storybook.js.org/docs/configure

[01:51:05.818] [INFO] detect-projects-spinner-stop: 1 project detected
[01:51:05.819] [DEBUG] Found 0 valid projects and 1 error projects
[01:51:05.820] [ERROR] Failed to get projects
[01:51:05.905] [ERROR] Error: ❌ Storybook found errors while collecting data for the following projects:
C:/Users/fuchi/OneDrive/ドキュメント/開発/五行バランス表20250629/.storybook:
Error: Unable to find or evaluate null: SB_CORE-SERVER_0006 (MainFileMissingError): No configuration files have been found in your configDir: C:/Users/fuchi/OneDrive/ドキュメント/開発/五行バランス表20250629/.storybook.
Storybook needs a "main.js" file, please add it.

You can pass a --config-dir flag to tell Storybook, where your main.js file is located at.

More info: https://storybook.js.org/docs/configure

    at getStorybookData (C:\Users\fuchi\AppData\Local\npm-cache\_npx\38011dc91877ab62\node_modules\@storybook\cli\dist\bin\index.cjs:78:2455)
    at async processProject (C:\Users\fuchi\AppData\Local\npm-cache\_npx\38011dc91877ab62\node_modules\@storybook\cli\dist\bin\index.cjs:71:5428)
Please fix the errors and run the upgrade command again.
    at getProjects (C:\Users\fuchi\AppData\Local\npm-cache\_npx\38011dc91877ab62\node_modules\@storybook\cli\dist\bin\index.cjs:76:10)
    at async C:\Users\fuchi\AppData\Local\npm-cache\_npx\38011dc91877ab62\node_modules\@storybook\cli\dist\bin\index.cjs:285:1624
    at async withTelemetry (C:\Users\fuchi\AppData\Local\npm-cache\_npx\38011dc91877ab62\node_modules\storybook\dist\core-server\index.cjs:36157:12)
    at async upgrade (C:\Users\fuchi\AppData\Local\npm-cache\_npx\38011dc91877ab62\node_modules\@storybook\cli\dist\bin\index.cjs:285:1348)
    at async Command.<anonymous> (C:\Users\fuchi\AppData\Local\npm-cache\_npx\38011dc91877ab62\node_modules\@storybook\cli\dist\bin\index.cjs:291:3274)
[01:51:06.823] [ERROR] Error: ❌ Storybook found errors while collecting data for the following projects:
C:/Users/fuchi/OneDrive/ドキュメント/開発/五行バランス表20250629/.storybook:
Error: Unable to find or evaluate null: SB_CORE-SERVER_0006 (MainFileMissingError): No configuration files have been found in your configDir: C:/Users/fuchi/OneDrive/ドキュメント/開発/五行バランス表20250629/.storybook.
Storybook needs a "main.js" file, please add it.

You can pass a --config-dir flag to tell Storybook, where your main.js file is located at.

More info: https://storybook.js.org/docs/configure

    at getStorybookData (C:\Users\fuchi\AppData\Local\npm-cache\_npx\38011dc91877ab62\node_modules\@storybook\cli\dist\bin\index.cjs:78:2455)
    at async processProject (C:\Users\fuchi\AppData\Local\npm-cache\_npx\38011dc91877ab62\node_modules\@storybook\cli\dist\bin\index.cjs:71:5428)
Please fix the errors and run the upgrade command again.